INFO:root:Data_Manager().make_new_table() start
INFO:root:Data_Manager().make_new_table() done
INFO:root:Bot_Setting().make_new_table() start
INFO:root:Bot_Setting().make_new_table() done
INFO:apscheduler.scheduler:Scheduler started
INFO:telegram.ext.Application:Application started
INFO:root:check_user_id start
INFO:root:add_new_user start
ERROR:telegram.ext.Application:No error handlers are registered, logging exception.
Traceback (most recent call last):
  File "/home/marshall/ash_bot/venv/lib/python3.12/site-packages/telegram/ext/_application.py", line 1315, in process_update
    await coroutine
  File "/home/marshall/ash_bot/venv/lib/python3.12/site-packages/telegram/ext/_handlers/basehandler.py", line 159, in handle_update
    return await self.callback(update, context)
           ^^^^^^^^^^^^^^^^^^^^^^^^^^^^^^^^^^^^
  File "/home/marshall/ash_bot/commands/massage_handler.py", line 16, in monitoring_topic
    DB().check_user_id(user_id,chat_id)
  File "/home/marshall/ash_bot/data_manager.py", line 149, in check_user_id
    self.add_new_user(user_id, chat_id)
  File "/home/marshall/ash_bot/data_manager.py", line 41, in add_new_user
    self.cur.execute("""INSERT INTO user_state(chat_id, user_id, score, missed, is_subscribed,user_mode)
sqlite3.OperationalError: attempt to write a readonly database
INFO:root:check_user_id start
INFO:root:check_user_id done
INFO:root:get_study_topic_id start
INFO:root:get_study_topic_id done
INFO:root:get_weekly_topic_id start
INFO:root:get_weekly_topic_id done
INFO:root:study_topic_id start
INFO:root:submit_achievement start
ERROR:telegram.ext.Application:No error handlers are registered, logging exception.
Traceback (most recent call last):
  File "/home/marshall/ash_bot/venv/lib/python3.12/site-packages/telegram/ext/_application.py", line 1315, in process_update
    await coroutine
  File "/home/marshall/ash_bot/venv/lib/python3.12/site-packages/telegram/ext/_handlers/basehandler.py", line 159, in handle_update
    return await self.callback(update, context)
           ^^^^^^^^^^^^^^^^^^^^^^^^^^^^^^^^^^^^
  File "/home/marshall/ash_bot/commands/massage_handler.py", line 24, in monitoring_topic
    await submit_achievement(update, context,points)
  File "/home/marshall/ash_bot/commands/massage_handler.py", line 77, in submit_achievement
    await update.message.reply_text(
  File "/home/marshall/ash_bot/venv/lib/python3.12/site-packages/telegram/_message.py", line 2060, in reply_text
    return await self.get_bot().send_message(
           ^^^^^^^^^^^^^^^^^^^^^^^^^^^^^^^^^^
  File "/home/marshall/ash_bot/venv/lib/python3.12/site-packages/telegram/ext/_extbot.py", line 3107, in send_message
    return await super().send_message(
           ^^^^^^^^^^^^^^^^^^^^^^^^^^^
  File "/home/marshall/ash_bot/venv/lib/python3.12/site-packages/telegram/_bot.py", line 1118, in send_message
    return await self._send_message(
           ^^^^^^^^^^^^^^^^^^^^^^^^^
  File "/home/marshall/ash_bot/venv/lib/python3.12/site-packages/telegram/ext/_extbot.py", line 634, in _send_message
    result = await super()._send_message(
             ^^^^^^^^^^^^^^^^^^^^^^^^^^^^
  File "/home/marshall/ash_bot/venv/lib/python3.12/site-packages/telegram/_bot.py", line 819, in _send_message
    result = await self._post(
             ^^^^^^^^^^^^^^^^^
  File "/home/marshall/ash_bot/venv/lib/python3.12/site-packages/telegram/_bot.py", line 703, in _post
    return await self._do_post(
           ^^^^^^^^^^^^^^^^^^^^
  File "/home/marshall/ash_bot/venv/lib/python3.12/site-packages/telegram/ext/_extbot.py", line 372, in _do_post
    return await super()._do_post(
           ^^^^^^^^^^^^^^^^^^^^^^^
  File "/home/marshall/ash_bot/venv/lib/python3.12/site-packages/telegram/_bot.py", line 732, in _do_post
    result = await request.post(
             ^^^^^^^^^^^^^^^^^^^
  File "/home/marshall/ash_bot/venv/lib/python3.12/site-packages/telegram/request/_baserequest.py", line 198, in post
    result = await self._request_wrapper(
             ^^^^^^^^^^^^^^^^^^^^^^^^^^^^
  File "/home/marshall/ash_bot/venv/lib/python3.12/site-packages/telegram/request/_baserequest.py", line 375, in _request_wrapper
    raise exception
telegram.error.BadRequest: Message to be replied not found
INFO:root:check_user_id start
INFO:root:check_user_id done
INFO:root:get_study_topic_id start
INFO:root:get_study_topic_id done
INFO:root:get_weekly_topic_id start
INFO:root:get_weekly_topic_id done
INFO:root:study_topic_id start
INFO:root:submit_achievement start
ERROR:telegram.ext.Application:No error handlers are registered, logging exception.
Traceback (most recent call last):
  File "/home/marshall/ash_bot/venv/lib/python3.12/site-packages/telegram/ext/_application.py", line 1315, in process_update
    await coroutine
  File "/home/marshall/ash_bot/venv/lib/python3.12/site-packages/telegram/ext/_handlers/basehandler.py", line 159, in handle_update
    return await self.callback(update, context)
           ^^^^^^^^^^^^^^^^^^^^^^^^^^^^^^^^^^^^
  File "/home/marshall/ash_bot/commands/massage_handler.py", line 24, in monitoring_topic
    await submit_achievement(update, context,points)
  File "/home/marshall/ash_bot/commands/massage_handler.py", line 77, in submit_achievement
    await update.message.reply_text(
  File "/home/marshall/ash_bot/venv/lib/python3.12/site-packages/telegram/_message.py", line 2060, in reply_text
    return await self.get_bot().send_message(
           ^^^^^^^^^^^^^^^^^^^^^^^^^^^^^^^^^^
  File "/home/marshall/ash_bot/venv/lib/python3.12/site-packages/telegram/ext/_extbot.py", line 3107, in send_message
    return await super().send_message(
           ^^^^^^^^^^^^^^^^^^^^^^^^^^^
  File "/home/marshall/ash_bot/venv/lib/python3.12/site-packages/telegram/_bot.py", line 1118, in send_message
    return await self._send_message(
           ^^^^^^^^^^^^^^^^^^^^^^^^^
  File "/home/marshall/ash_bot/venv/lib/python3.12/site-packages/telegram/ext/_extbot.py", line 634, in _send_message
    result = await super()._send_message(
             ^^^^^^^^^^^^^^^^^^^^^^^^^^^^
  File "/home/marshall/ash_bot/venv/lib/python3.12/site-packages/telegram/_bot.py", line 819, in _send_message
    result = await self._post(
             ^^^^^^^^^^^^^^^^^
  File "/home/marshall/ash_bot/venv/lib/python3.12/site-packages/telegram/_bot.py", line 703, in _post
    return await self._do_post(
           ^^^^^^^^^^^^^^^^^^^^
  File "/home/marshall/ash_bot/venv/lib/python3.12/site-packages/telegram/ext/_extbot.py", line 372, in _do_post
    return await super()._do_post(
           ^^^^^^^^^^^^^^^^^^^^^^^
  File "/home/marshall/ash_bot/venv/lib/python3.12/site-packages/telegram/_bot.py", line 732, in _do_post
    result = await request.post(
             ^^^^^^^^^^^^^^^^^^^
  File "/home/marshall/ash_bot/venv/lib/python3.12/site-packages/telegram/request/_baserequest.py", line 198, in post
    result = await self._request_wrapper(
             ^^^^^^^^^^^^^^^^^^^^^^^^^^^^
  File "/home/marshall/ash_bot/venv/lib/python3.12/site-packages/telegram/request/_baserequest.py", line 375, in _request_wrapper
    raise exception
telegram.error.BadRequest: Message to be replied not found
INFO:root:check_user_id start
INFO:root:check_user_id done
INFO:root:get_study_topic_id start
INFO:root:get_study_topic_id done
INFO:root:get_weekly_topic_id start
INFO:root:get_weekly_topic_id done
INFO:root:study_topic_id start
INFO:root:submit_achievement start
INFO:root:check_user_id start
INFO:root:add_new_user start
ERROR:telegram.ext.Application:No error handlers are registered, logging exception.
Traceback (most recent call last):
  File "/home/marshall/ash_bot/venv/lib/python3.12/site-packages/telegram/ext/_application.py", line 1315, in process_update
    await coroutine
  File "/home/marshall/ash_bot/venv/lib/python3.12/site-packages/telegram/ext/_handlers/basehandler.py", line 159, in handle_update
    return await self.callback(update, context)
           ^^^^^^^^^^^^^^^^^^^^^^^^^^^^^^^^^^^^
  File "/home/marshall/ash_bot/commands/massage_handler.py", line 16, in monitoring_topic
    DB().check_user_id(user_id,chat_id)
  File "/home/marshall/ash_bot/data_manager.py", line 149, in check_user_id
    self.add_new_user(user_id, chat_id)
  File "/home/marshall/ash_bot/data_manager.py", line 41, in add_new_user
    self.cur.execute("""INSERT INTO user_state(chat_id, user_id, score, missed, is_subscribed,user_mode)
sqlite3.OperationalError: attempt to write a readonly database
INFO:root:check_user_id start
INFO:root:check_user_id done
INFO:root:get_study_topic_id start
INFO:root:get_study_topic_id done
INFO:root:get_weekly_topic_id start
INFO:root:get_weekly_topic_id done
INFO:root:weekly_topic_id start
INFO:root:get_missed start
INFO:root:get_missed done
INFO:root:submit_achievement start
INFO:apscheduler.scheduler:Added job "-1002482097691" to job store "default"
ERROR:telegram.ext.Application:No error handlers are registered, logging exception.
Traceback (most recent call last):
  File "/home/marshall/ash_bot/venv/lib/python3.12/site-packages/telegram/ext/_application.py", line 1315, in process_update
    await coroutine
  File "/home/marshall/ash_bot/venv/lib/python3.12/site-packages/telegram/ext/_handlers/basehandler.py", line 159, in handle_update
    return await self.callback(update, context)
           ^^^^^^^^^^^^^^^^^^^^^^^^^^^^^^^^^^^^
  File "/home/marshall/ash_bot/commands/set_timer.py", line 69, in set_timer
    context.job_queue.run_repeating(
TypeError: JobQueue.run_repeating() got an unexpected keyword argument 'time'
INFO:apscheduler.scheduler:Added job "-1002482097691" to job store "default"
ERROR:telegram.ext.Application:No error handlers are registered, logging exception.
Traceback (most recent call last):
  File "/home/marshall/ash_bot/venv/lib/python3.12/site-packages/telegram/ext/_application.py", line 1315, in process_update
    await coroutine
  File "/home/marshall/ash_bot/venv/lib/python3.12/site-packages/telegram/ext/_handlers/basehandler.py", line 159, in handle_update
    return await self.callback(update, context)
           ^^^^^^^^^^^^^^^^^^^^^^^^^^^^^^^^^^^^
  File "/home/marshall/ash_bot/commands/set_timer.py", line 69, in set_timer
    context.job_queue.run_repeating(
TypeError: JobQueue.run_repeating() got an unexpected keyword argument 'time'
INFO:root:check_user_id start
INFO:root:check_user_id done
INFO:root:get_study_topic_id start
INFO:root:get_study_topic_id done
INFO:root:get_weekly_topic_id start
INFO:root:get_weekly_topic_id done
INFO:root:study_topic_id start
INFO:root:submit_achievement start
INFO:apscheduler.scheduler:Added job "-1002482097691" to job store "default"
ERROR:telegram.ext.Application:No error handlers are registered, logging exception.
Traceback (most recent call last):
  File "/home/marshall/ash_bot/venv/lib/python3.12/site-packages/telegram/ext/_application.py", line 1315, in process_update
    await coroutine
  File "/home/marshall/ash_bot/venv/lib/python3.12/site-packages/telegram/ext/_handlers/basehandler.py", line 159, in handle_update
    return await self.callback(update, context)
           ^^^^^^^^^^^^^^^^^^^^^^^^^^^^^^^^^^^^
  File "/home/marshall/ash_bot/commands/set_timer.py", line 69, in set_timer
    context.job_queue.run_repeating(
TypeError: JobQueue.run_repeating() got an unexpected keyword argument 'time'
INFO:root:update_user_mode start
ERROR:telegram.ext.Application:No error handlers are registered, logging exception.
Traceback (most recent call last):
  File "/home/marshall/ash_bot/venv/lib/python3.12/site-packages/telegram/ext/_application.py", line 1315, in process_update
    await coroutine
  File "/home/marshall/ash_bot/venv/lib/python3.12/site-packages/telegram/ext/_handlers/basehandler.py", line 159, in handle_update
    return await self.callback(update, context)
           ^^^^^^^^^^^^^^^^^^^^^^^^^^^^^^^^^^^^
  File "/home/marshall/ash_bot/commands/chanage_mode.py", line 37, in button_handler
    DM().update_user_mode(user_id,chat_id,1)
  File "/home/marshall/ash_bot/data_manager.py", line 78, in update_user_mode
    self.cur.execute("""
sqlite3.OperationalError: attempt to write a readonly database
INFO:root:update_user_mode start
ERROR:telegram.ext.Application:No error handlers are registered, logging exception.
Traceback (most recent call last):
  File "/home/marshall/ash_bot/venv/lib/python3.12/site-packages/telegram/ext/_application.py", line 1315, in process_update
    await coroutine
  File "/home/marshall/ash_bot/venv/lib/python3.12/site-packages/telegram/ext/_handlers/basehandler.py", line 159, in handle_update
    return await self.callback(update, context)
           ^^^^^^^^^^^^^^^^^^^^^^^^^^^^^^^^^^^^
  File "/home/marshall/ash_bot/commands/chanage_mode.py", line 37, in button_handler
    DM().update_user_mode(user_id,chat_id,1)
  File "/home/marshall/ash_bot/data_manager.py", line 78, in update_user_mode
    self.cur.execute("""
sqlite3.OperationalError: attempt to write a readonly database
INFO:root:update_user_mode start
ERROR:telegram.ext.Application:No error handlers are registered, logging exception.
Traceback (most recent call last):
  File "/home/marshall/ash_bot/venv/lib/python3.12/site-packages/telegram/ext/_application.py", line 1315, in process_update
    await coroutine
  File "/home/marshall/ash_bot/venv/lib/python3.12/site-packages/telegram/ext/_handlers/basehandler.py", line 159, in handle_update
    return await self.callback(update, context)
           ^^^^^^^^^^^^^^^^^^^^^^^^^^^^^^^^^^^^
  File "/home/marshall/ash_bot/commands/chanage_mode.py", line 37, in button_handler
    DM().update_user_mode(user_id,chat_id,1)
  File "/home/marshall/ash_bot/data_manager.py", line 78, in update_user_mode
    self.cur.execute("""
sqlite3.OperationalError: attempt to write a readonly database
INFO:root:update_user_mode start
ERROR:telegram.ext.Application:No error handlers are registered, logging exception.
Traceback (most recent call last):
  File "/home/marshall/ash_bot/venv/lib/python3.12/site-packages/telegram/ext/_application.py", line 1315, in process_update
    await coroutine
  File "/home/marshall/ash_bot/venv/lib/python3.12/site-packages/telegram/ext/_handlers/basehandler.py", line 159, in handle_update
    return await self.callback(update, context)
           ^^^^^^^^^^^^^^^^^^^^^^^^^^^^^^^^^^^^
  File "/home/marshall/ash_bot/commands/chanage_mode.py", line 37, in button_handler
    DM().update_user_mode(user_id,chat_id,1)
  File "/home/marshall/ash_bot/data_manager.py", line 78, in update_user_mode
    self.cur.execute("""
sqlite3.OperationalError: attempt to write a readonly database
INFO:root:user_id=2052793433, chat_id=-1002482097691
INFO:root:state_count start
INFO:root:state_count done
INFO:telegram.ext.Application:Application is stopping. This might take a moment.
INFO:apscheduler.scheduler:Scheduler has been shut down
INFO:telegram.ext.Application:Application.stop() complete
['https://www.googleapis.com/auth/documents']
done
INFO:root:Data_Manager().make_new_table() start
INFO:root:Data_Manager().make_new_table() done
INFO:root:Bot_Setting().make_new_table() start
INFO:root:Bot_Setting().make_new_table() done
INFO:apscheduler.scheduler:Scheduler started
INFO:telegram.ext.Application:Application started
INFO:root:check_user_id start
INFO:root:check_user_id done
INFO:root:get_study_topic_id start
INFO:root:get_study_topic_id done
INFO:root:get_weekly_topic_id start
INFO:root:get_weekly_topic_id done
INFO:root:weekly_topic_id start
INFO:root:get_missed start
INFO:root:get_missed done
INFO:root:submit_achievement start
INFO:root:check_user_id start
INFO:root:check_user_id done
INFO:root:CheckAchievement start
INFO:root:get_missed start
INFO:root:get_missed done
INFO:root:weekly_missed_update start
INFO:root:weekly_missed_update done
INFO:root:check_user_id start
INFO:root:check_user_id done
INFO:root:get_study_topic_id start
INFO:root:get_study_topic_id done
INFO:root:get_weekly_topic_id start
INFO:root:get_weekly_topic_id done
INFO:root:weekly_topic_id start
INFO:root:get_missed start
INFO:root:get_missed done
INFO:root:submit_achievement start
INFO:root:check_user_id start
INFO:root:check_user_id done
INFO:root:CheckAchievement start
INFO:root:get_missed start
INFO:root:get_missed done
INFO:root:update_user_count start
INFO:root:update_user_count done
INFO:root:state_count start
INFO:root:state_count done
INFO:root:update_user_missed start
INFO:root:update_user_missed done
INFO:telegram.ext.Application:Application is stopping. This might take a moment.
CRITICAL:telegram.ext.Application:Fetching updates was aborted due to SystemExit(1). Suppressing exception to ensure graceful shutdown.
Traceback (most recent call last):
  File "/home/marshall/ash_bot/doc_register.py", line 14, in doc_register
    creds = Configuration().authenticate_google()
            ^^^^^^^^^^^^^^^^^^^^^^^^^^^^^^^^^^^^^
  File "/home/marshall/ash_bot/config.py", line 34, in authenticate_google
    with open(TOKEN, 'w') as token:
         ^^^^^^^^^^^^^^^^
PermissionError: [Errno 13] Permission denied: 'token.json'

During handling of the above exception, another exception occurred:

Traceback (most recent call last):
  File "/home/marshall/ash_bot/venv/lib/python3.12/site-packages/telegram/ext/_application.py", line 673, in stop
    self.__update_fetcher_task.result()
  File "/home/marshall/ash_bot/venv/lib/python3.12/site-packages/telegram/ext/_application.py", line 1233, in _update_fetcher
    await self.__update_fetcher()
  File "/home/marshall/ash_bot/venv/lib/python3.12/site-packages/telegram/ext/_application.py", line 1229, in __update_fetcher
    await self.__process_update_wrapper(update)
  File "/home/marshall/ash_bot/venv/lib/python3.12/site-packages/telegram/ext/_application.py", line 1244, in __process_update_wrapper
    await self._update_processor.process_update(update, self.process_update(update))
  File "/home/marshall/ash_bot/venv/lib/python3.12/site-packages/telegram/ext/_baseupdateprocessor.py", line 171, in process_update
    await self.do_process_update(update, coroutine)
  File "/home/marshall/ash_bot/venv/lib/python3.12/site-packages/telegram/ext/_baseupdateprocessor.py", line 196, in do_process_update
    await coroutine
  File "/home/marshall/ash_bot/venv/lib/python3.12/site-packages/telegram/ext/_application.py", line 1315, in process_update
    await coroutine
  File "/home/marshall/ash_bot/venv/lib/python3.12/site-packages/telegram/ext/_handlers/basehandler.py", line 159, in handle_update
    return await self.callback(update, context)
           ^^^^^^^^^^^^^^^^^^^^^^^^^^^^^^^^^^^^
  File "/home/marshall/ash_bot/commands/massage_handler.py", line 32, in monitoring_topic
    await submit_achievement(update, context,points)
  File "/home/marshall/ash_bot/commands/massage_handler.py", line 61, in submit_achievement
    doc_register(DOCUMENT_ID,doc_message )
  File "/home/marshall/ash_bot/doc_register.py", line 24, in doc_register
    sys.exit(1)
SystemExit: 1
INFO:apscheduler.scheduler:Scheduler has been shut down
INFO:telegram.ext.Application:Application.stop() complete
['https://www.googleapis.com/auth/documents']
done
--- 3. دخلنا إلى دالة main ---
--- 4. جارٍ محاولة المصادقة (authenticate_google) ---
!!! حدث خطأ أثناء المصادقة: [Errno 13] Permission denied: 'token.json'
INFO:root:Data_Manager().make_new_table() start
INFO:root:Data_Manager().make_new_table() done
INFO:root:Bot_Setting().make_new_table() start
INFO:root:Bot_Setting().make_new_table() done
INFO:apscheduler.scheduler:Scheduler started
INFO:telegram.ext.Application:Application started
INFO:apscheduler.scheduler:Added job "-1002482097691" to job store "default"
INFO:apscheduler.scheduler:Added job "-1002482097691" to job store "default"
INFO:apscheduler.scheduler:Added job "-1002482097691" to job store "default"
INFO:root:set_timer done
INFO:root:user_id=2052793433, chat_id=-1002482097691
INFO:root:state_count start
INFO:root:state_count done
INFO:root:user_id=1203426410, chat_id=-1002482097691
INFO:root:state_count start
ERROR:telegram.ext.Application:No error handlers are registered, logging exception.
Traceback (most recent call last):
  File "/home/marshall/ash_bot/venv/lib/python3.12/site-packages/telegram/ext/_application.py", line 1315, in process_update
    await coroutine
  File "/home/marshall/ash_bot/venv/lib/python3.12/site-packages/telegram/ext/_handlers/basehandler.py", line 159, in handle_update
    return await self.callback(update, context)
           ^^^^^^^^^^^^^^^^^^^^^^^^^^^^^^^^^^^^
  File "/home/marshall/ash_bot/commands/state.py", line 19, in state
    user_scor = DB().state_count(user_id, chat_id)
                ^^^^^^^^^^^^^^^^^^^^^^^^^^^^^^^^^^
  File "/home/marshall/ash_bot/data_manager.py", line 28, in state_count
    score = scorex[0]
            ~~~~~~^^^
TypeError: 'NoneType' object is not subscriptable
INFO:root:update_user_mode start
INFO:root:update_user_mode done
INFO:root:button_handler
INFO:root:user_id=1203426410, chat_id=-1002482097691
INFO:root:state_count start
ERROR:telegram.ext.Application:No error handlers are registered, logging exception.
Traceback (most recent call last):
  File "/home/marshall/ash_bot/venv/lib/python3.12/site-packages/telegram/ext/_application.py", line 1315, in process_update
    await coroutine
  File "/home/marshall/ash_bot/venv/lib/python3.12/site-packages/telegram/ext/_handlers/basehandler.py", line 159, in handle_update
    return await self.callback(update, context)
           ^^^^^^^^^^^^^^^^^^^^^^^^^^^^^^^^^^^^
  File "/home/marshall/ash_bot/commands/state.py", line 19, in state
    user_scor = DB().state_count(user_id, chat_id)
                ^^^^^^^^^^^^^^^^^^^^^^^^^^^^^^^^^^
  File "/home/marshall/ash_bot/data_manager.py", line 28, in state_count
    score = scorex[0]
            ~~~~~~^^^
TypeError: 'NoneType' object is not subscriptable
INFO:root:check_user_id start
INFO:root:check_user_id done
INFO:root:get_study_topic_id start
INFO:root:get_study_topic_id done
INFO:root:get_weekly_topic_id start
INFO:root:get_weekly_topic_id done
INFO:root:user_id=1054654295, chat_id=-1002482097691
INFO:root:state_count start
INFO:root:state_count done
INFO:root:user_id=1203426410, chat_id=-1002482097691
INFO:root:state_count start
ERROR:telegram.ext.Application:No error handlers are registered, logging exception.
Traceback (most recent call last):
  File "/home/marshall/ash_bot/venv/lib/python3.12/site-packages/telegram/ext/_application.py", line 1315, in process_update
    await coroutine
  File "/home/marshall/ash_bot/venv/lib/python3.12/site-packages/telegram/ext/_handlers/basehandler.py", line 159, in handle_update
    return await self.callback(update, context)
           ^^^^^^^^^^^^^^^^^^^^^^^^^^^^^^^^^^^^
  File "/home/marshall/ash_bot/commands/state.py", line 19, in state
    user_scor = DB().state_count(user_id, chat_id)
                ^^^^^^^^^^^^^^^^^^^^^^^^^^^^^^^^^^
  File "/home/marshall/ash_bot/data_manager.py", line 28, in state_count
    score = scorex[0]
            ~~~~~~^^^
TypeError: 'NoneType' object is not subscriptable
INFO:telegram.ext.Application:Application is stopping. This might take a moment.
INFO:apscheduler.scheduler:Scheduler has been shut down
INFO:telegram.ext.Application:Application.stop() complete
['https://www.googleapis.com/auth/documents']
done
INFO:root:Data_Manager().make_new_table() start
INFO:root:Data_Manager().make_new_table() done
INFO:root:Bot_Setting().make_new_table() start
INFO:root:Bot_Setting().make_new_table() done
INFO:apscheduler.scheduler:Scheduler started
INFO:telegram.ext.Application:Application started
INFO:root:user_id=7328673689, chat_id=-1002482097691
INFO:root:check_user_id start
INFO:root:add_new_user start
INFO:root:add_new_user done
INFO:root:check_user_id done
INFO:root:state_count start
INFO:root:state_count done
INFO:root:user_id=1326048115, chat_id=-1002482097691
INFO:root:check_user_id start
INFO:root:add_new_user start
INFO:root:add_new_user done
INFO:root:check_user_id done
INFO:root:state_count start
INFO:root:state_count done
INFO:root:user_id=7704661546, chat_id=-1002482097691
INFO:root:check_user_id start
INFO:root:add_new_user start
INFO:root:add_new_user done
INFO:root:check_user_id done
INFO:root:state_count start
INFO:root:state_count done
INFO:root:check_user_id start
INFO:root:check_user_id done
INFO:root:get_study_topic_id start
INFO:root:get_study_topic_id done
INFO:root:get_weekly_topic_id start
INFO:root:get_weekly_topic_id done
INFO:root:check_user_id start
INFO:root:check_user_id done
INFO:root:get_study_topic_id start
INFO:root:get_study_topic_id done
INFO:root:get_weekly_topic_id start
INFO:root:get_weekly_topic_id done
INFO:root:check_user_id start
INFO:root:check_user_id done
INFO:root:get_study_topic_id start
INFO:root:get_study_topic_id done
INFO:root:get_weekly_topic_id start
INFO:root:get_weekly_topic_id done
ERROR:telegram.ext.Application:No error handlers are registered, logging exception.
Traceback (most recent call last):
  File "/home/marshall/ash_bot/venv/lib/python3.12/site-packages/telegram/ext/_application.py", line 1315, in process_update
    await coroutine
  File "/home/marshall/ash_bot/venv/lib/python3.12/site-packages/telegram/ext/_handlers/basehandler.py", line 159, in handle_update
    return await self.callback(update, context)
           ^^^^^^^^^^^^^^^^^^^^^^^^^^^^^^^^^^^^
  File "/home/marshall/ash_bot/commands/chanage_mode.py", line 31, in button_handler
    DB().check_user_id(user_id, chat_id)
    ^^
NameError: name 'DB' is not defined
ERROR:telegram.ext.Application:No error handlers are registered, logging exception.
Traceback (most recent call last):
  File "/home/marshall/ash_bot/venv/lib/python3.12/site-packages/telegram/ext/_application.py", line 1315, in process_update
    await coroutine
  File "/home/marshall/ash_bot/venv/lib/python3.12/site-packages/telegram/ext/_handlers/basehandler.py", line 159, in handle_update
    return await self.callback(update, context)
           ^^^^^^^^^^^^^^^^^^^^^^^^^^^^^^^^^^^^
  File "/home/marshall/ash_bot/commands/chanage_mode.py", line 31, in button_handler
    DB().check_user_id(user_id, chat_id)
    ^^
NameError: name 'DB' is not defined
INFO:telegram.ext.Application:Application is stopping. This might take a moment.
INFO:apscheduler.scheduler:Scheduler has been shut down
INFO:telegram.ext.Application:Application.stop() complete
['https://www.googleapis.com/auth/documents']
done
INFO:root:Data_Manager().make_new_table() start
INFO:root:Data_Manager().make_new_table() done
INFO:root:Bot_Setting().make_new_table() start
INFO:root:Bot_Setting().make_new_table() done
INFO:apscheduler.scheduler:Scheduler started
INFO:telegram.ext.Application:Application started
INFO:root:check_user_id start
INFO:root:check_user_id done
INFO:root:update_user_mode start
INFO:root:update_user_mode done
INFO:root:button_handler
INFO:root:check_user_id start
INFO:root:add_new_user start
INFO:root:add_new_user done
INFO:root:check_user_id done
INFO:root:get_study_topic_id start
INFO:root:get_study_topic_id done
INFO:root:get_weekly_topic_id start
INFO:root:get_weekly_topic_id done
INFO:root:weekly_topic_id start
INFO:root:get_missed start
INFO:root:get_missed done
INFO:root:submit_achievement start
INFO:root:check_user_id start
INFO:root:check_user_id done
INFO:root:get_study_topic_id start
INFO:root:get_study_topic_id done
INFO:root:get_weekly_topic_id start
INFO:root:get_weekly_topic_id done
INFO:root:study_topic_id start
INFO:root:submit_achievement start
INFO:root:check_user_id start
INFO:root:check_user_id done
INFO:root:update_user_mode start
INFO:root:update_user_mode done
INFO:root:button_handler
INFO:root:check_user_id start
INFO:root:check_user_id done
INFO:root:update_user_mode start
INFO:root:update_user_mode done
INFO:root:button_handler
INFO:root:check_user_id start
INFO:root:check_user_id done
INFO:root:update_user_mode start
INFO:root:update_user_mode done
INFO:root:button_handler
INFO:root:check_user_id start
INFO:root:check_user_id done
INFO:root:get_study_topic_id start
INFO:root:get_study_topic_id done
INFO:root:get_weekly_topic_id start
INFO:root:get_weekly_topic_id done
ERROR:telegram.ext.Application:No error handlers are registered, logging exception.
Traceback (most recent call last):
  File "/home/marshall/ash_bot/venv/lib/python3.12/site-packages/telegram/ext/_application.py", line 1315, in process_update
    await coroutine
  File "/home/marshall/ash_bot/venv/lib/python3.12/site-packages/telegram/ext/_handlers/basehandler.py", line 159, in handle_update
    return await self.callback(update, context)
           ^^^^^^^^^^^^^^^^^^^^^^^^^^^^^^^^^^^^
  File "/home/marshall/ash_bot/commands/massage_handler.py", line 19, in monitoring_topic
    monitoring_topic_id = update.message.message_thread_id
                          ^^^^^^^^^^^^^^^^^^^^^^^^^^^^^^^^
AttributeError: 'NoneType' object has no attribute 'message_thread_id'
INFO:root:check_user_id start
INFO:root:check_user_id done
INFO:root:update_user_mode start
INFO:root:update_user_mode done
INFO:root:button_handler
INFO:root:check_user_id start
INFO:root:check_user_id done
INFO:root:get_study_topic_id start
INFO:root:get_study_topic_id done
INFO:root:get_weekly_topic_id start
INFO:root:get_weekly_topic_id done
INFO:root:study_topic_id start
INFO:root:submit_achievement start
INFO:root:check_user_id start
INFO:root:check_user_id done
INFO:root:CheckAchievement start
INFO:root:get_missed start
INFO:root:get_missed done
INFO:root:update_user_count start
INFO:root:update_user_count done
INFO:root:state_count start
INFO:root:state_count done
INFO:root:update_user_missed start
INFO:root:update_user_missed done
INFO:googleapiclient.discovery_cache:file_cache is only supported with oauth2client<4.0.0
INFO:root:check_user_id start
INFO:root:add_new_user start
INFO:root:add_new_user done
INFO:root:check_user_id done
INFO:root:check_user_id start
INFO:root:add_new_user start
INFO:root:add_new_user done
INFO:root:check_user_id done
ERROR:telegram.ext.Application:No error handlers are registered, logging exception.
Traceback (most recent call last):
  File "/home/marshall/ash_bot/venv/lib/python3.12/site-packages/httpx/_transports/default.py", line 101, in map_httpcore_exceptions
    yield
  File "/home/marshall/ash_bot/venv/lib/python3.12/site-packages/httpx/_transports/default.py", line 394, in handle_async_request
    resp = await self._pool.handle_async_request(req)
           ^^^^^^^^^^^^^^^^^^^^^^^^^^^^^^^^^^^^^^^^^^
  File "/home/marshall/ash_bot/venv/lib/python3.12/site-packages/httpcore/_async/connection_pool.py", line 256, in handle_async_request
    raise exc from None
  File "/home/marshall/ash_bot/venv/lib/python3.12/site-packages/httpcore/_async/connection_pool.py", line 236, in handle_async_request
    response = await connection.handle_async_request(
               ^^^^^^^^^^^^^^^^^^^^^^^^^^^^^^^^^^^^^^
  File "/home/marshall/ash_bot/venv/lib/python3.12/site-packages/httpcore/_async/connection.py", line 101, in handle_async_request
    raise exc
  File "/home/marshall/ash_bot/venv/lib/python3.12/site-packages/httpcore/_async/connection.py", line 78, in handle_async_request
    stream = await self._connect(request)
             ^^^^^^^^^^^^^^^^^^^^^^^^^^^^
  File "/home/marshall/ash_bot/venv/lib/python3.12/site-packages/httpcore/_async/connection.py", line 124, in _connect
    stream = await self._network_backend.connect_tcp(**kwargs)
             ^^^^^^^^^^^^^^^^^^^^^^^^^^^^^^^^^^^^^^^^^^^^^^^^^
  File "/home/marshall/ash_bot/venv/lib/python3.12/site-packages/httpcore/_backends/auto.py", line 31, in connect_tcp
    return await self._backend.connect_tcp(
           ^^^^^^^^^^^^^^^^^^^^^^^^^^^^^^^^
  File "/home/marshall/ash_bot/venv/lib/python3.12/site-packages/httpcore/_backends/anyio.py", line 113, in connect_tcp
    with map_exceptions(exc_map):
  File "/usr/lib/python3.12/contextlib.py", line 158, in __exit__
    self.gen.throw(value)
  File "/home/marshall/ash_bot/venv/lib/python3.12/site-packages/httpcore/_exceptions.py", line 14, in map_exceptions
    raise to_exc(exc) from exc
httpcore.ConnectError: [Errno -3] Temporary failure in name resolution

The above exception was the direct cause of the following exception:

Traceback (most recent call last):
  File "/home/marshall/ash_bot/venv/lib/python3.12/site-packages/telegram/request/_httpxrequest.py", line 279, in do_request
    res = await self._client.request(
          ^^^^^^^^^^^^^^^^^^^^^^^^^^^
  File "/home/marshall/ash_bot/venv/lib/python3.12/site-packages/httpx/_client.py", line 1540, in request
    return await self.send(request, auth=auth, follow_redirects=follow_redirects)
           ^^^^^^^^^^^^^^^^^^^^^^^^^^^^^^^^^^^^^^^^^^^^^^^^^^^^^^^^^^^^^^^^^^^^^^
  File "/home/marshall/ash_bot/venv/lib/python3.12/site-packages/httpx/_client.py", line 1629, in send
    response = await self._send_handling_auth(
               ^^^^^^^^^^^^^^^^^^^^^^^^^^^^^^^
  File "/home/marshall/ash_bot/venv/lib/python3.12/site-packages/httpx/_client.py", line 1657, in _send_handling_auth
    response = await self._send_handling_redirects(
               ^^^^^^^^^^^^^^^^^^^^^^^^^^^^^^^^^^^^
  File "/home/marshall/ash_bot/venv/lib/python3.12/site-packages/httpx/_client.py", line 1694, in _send_handling_redirects
    response = await self._send_single_request(request)
               ^^^^^^^^^^^^^^^^^^^^^^^^^^^^^^^^^^^^^^^^
  File "/home/marshall/ash_bot/venv/lib/python3.12/site-packages/httpx/_client.py", line 1730, in _send_single_request
    response = await transport.handle_async_request(request)
               ^^^^^^^^^^^^^^^^^^^^^^^^^^^^^^^^^^^^^^^^^^^^^
  File "/home/marshall/ash_bot/venv/lib/python3.12/site-packages/httpx/_transports/default.py", line 393, in handle_async_request
    with map_httpcore_exceptions():
  File "/usr/lib/python3.12/contextlib.py", line 158, in __exit__
    self.gen.throw(value)
  File "/home/marshall/ash_bot/venv/lib/python3.12/site-packages/httpx/_transports/default.py", line 118, in map_httpcore_exceptions
    raise mapped_exc(message) from exc
httpx.ConnectError: [Errno -3] Temporary failure in name resolution

The above exception was the direct cause of the following exception:

Traceback (most recent call last):
  File "/home/marshall/ash_bot/venv/lib/python3.12/site-packages/telegram/ext/_utils/networkloop.py", line 122, in network_retry_loop
    await do_action()
  File "/home/marshall/ash_bot/venv/lib/python3.12/site-packages/telegram/ext/_utils/networkloop.py", line 115, in do_action
    action_cb_task.result()
  File "/home/marshall/ash_bot/venv/lib/python3.12/site-packages/telegram/ext/_updater.py", line 340, in polling_action_cb
    updates = await self.bot.get_updates(
              ^^^^^^^^^^^^^^^^^^^^^^^^^^^
  File "/home/marshall/ash_bot/venv/lib/python3.12/site-packages/telegram/ext/_extbot.py", line 676, in get_updates
    updates = await super().get_updates(
              ^^^^^^^^^^^^^^^^^^^^^^^^^^
  File "/home/marshall/ash_bot/venv/lib/python3.12/site-packages/telegram/_bot.py", line 4780, in get_updates
    await self._post(
  File "/home/marshall/ash_bot/venv/lib/python3.12/site-packages/telegram/_bot.py", line 703, in _post
    return await self._do_post(
           ^^^^^^^^^^^^^^^^^^^^
  File "/home/marshall/ash_bot/venv/lib/python3.12/site-packages/telegram/ext/_extbot.py", line 372, in _do_post
    return await super()._do_post(
           ^^^^^^^^^^^^^^^^^^^^^^^
  File "/home/marshall/ash_bot/venv/lib/python3.12/site-packages/telegram/_bot.py", line 732, in _do_post
    result = await request.post(
             ^^^^^^^^^^^^^^^^^^^
  File "/home/marshall/ash_bot/venv/lib/python3.12/site-packages/telegram/request/_baserequest.py", line 198, in post
    result = await self._request_wrapper(
             ^^^^^^^^^^^^^^^^^^^^^^^^^^^^
  File "/home/marshall/ash_bot/venv/lib/python3.12/site-packages/telegram/request/_baserequest.py", line 305, in _request_wrapper
    code, payload = await self.do_request(
                    ^^^^^^^^^^^^^^^^^^^^^^
  File "/home/marshall/ash_bot/venv/lib/python3.12/site-packages/telegram/request/_httpxrequest.py", line 303, in do_request
    raise NetworkError(f"httpx.{err.__class__.__name__}: {err}") from err
telegram.error.NetworkError: httpx.ConnectError: [Errno -3] Temporary failure in name resolution
ERROR:telegram.ext.Application:No error handlers are registered, logging exception.
Traceback (most recent call last):
  File "/home/marshall/ash_bot/venv/lib/python3.12/site-packages/httpx/_transports/default.py", line 101, in map_httpcore_exceptions
    yield
  File "/home/marshall/ash_bot/venv/lib/python3.12/site-packages/httpx/_transports/default.py", line 394, in handle_async_request
    resp = await self._pool.handle_async_request(req)
           ^^^^^^^^^^^^^^^^^^^^^^^^^^^^^^^^^^^^^^^^^^
  File "/home/marshall/ash_bot/venv/lib/python3.12/site-packages/httpcore/_async/connection_pool.py", line 256, in handle_async_request
    raise exc from None
  File "/home/marshall/ash_bot/venv/lib/python3.12/site-packages/httpcore/_async/connection_pool.py", line 236, in handle_async_request
    response = await connection.handle_async_request(
               ^^^^^^^^^^^^^^^^^^^^^^^^^^^^^^^^^^^^^^
  File "/home/marshall/ash_bot/venv/lib/python3.12/site-packages/httpcore/_async/connection.py", line 101, in handle_async_request
    raise exc
  File "/home/marshall/ash_bot/venv/lib/python3.12/site-packages/httpcore/_async/connection.py", line 78, in handle_async_request
    stream = await self._connect(request)
             ^^^^^^^^^^^^^^^^^^^^^^^^^^^^
  File "/home/marshall/ash_bot/venv/lib/python3.12/site-packages/httpcore/_async/connection.py", line 124, in _connect
    stream = await self._network_backend.connect_tcp(**kwargs)
             ^^^^^^^^^^^^^^^^^^^^^^^^^^^^^^^^^^^^^^^^^^^^^^^^^
  File "/home/marshall/ash_bot/venv/lib/python3.12/site-packages/httpcore/_backends/auto.py", line 31, in connect_tcp
    return await self._backend.connect_tcp(
           ^^^^^^^^^^^^^^^^^^^^^^^^^^^^^^^^
  File "/home/marshall/ash_bot/venv/lib/python3.12/site-packages/httpcore/_backends/anyio.py", line 113, in connect_tcp
    with map_exceptions(exc_map):
  File "/usr/lib/python3.12/contextlib.py", line 158, in __exit__
    self.gen.throw(value)
  File "/home/marshall/ash_bot/venv/lib/python3.12/site-packages/httpcore/_exceptions.py", line 14, in map_exceptions
    raise to_exc(exc) from exc
httpcore.ConnectError: [Errno -3] Temporary failure in name resolution

The above exception was the direct cause of the following exception:

Traceback (most recent call last):
  File "/home/marshall/ash_bot/venv/lib/python3.12/site-packages/telegram/request/_httpxrequest.py", line 279, in do_request
    res = await self._client.request(
          ^^^^^^^^^^^^^^^^^^^^^^^^^^^
  File "/home/marshall/ash_bot/venv/lib/python3.12/site-packages/httpx/_client.py", line 1540, in request
    return await self.send(request, auth=auth, follow_redirects=follow_redirects)
           ^^^^^^^^^^^^^^^^^^^^^^^^^^^^^^^^^^^^^^^^^^^^^^^^^^^^^^^^^^^^^^^^^^^^^^
  File "/home/marshall/ash_bot/venv/lib/python3.12/site-packages/httpx/_client.py", line 1629, in send
    response = await self._send_handling_auth(
               ^^^^^^^^^^^^^^^^^^^^^^^^^^^^^^^
  File "/home/marshall/ash_bot/venv/lib/python3.12/site-packages/httpx/_client.py", line 1657, in _send_handling_auth
    response = await self._send_handling_redirects(
               ^^^^^^^^^^^^^^^^^^^^^^^^^^^^^^^^^^^^
  File "/home/marshall/ash_bot/venv/lib/python3.12/site-packages/httpx/_client.py", line 1694, in _send_handling_redirects
    response = await self._send_single_request(request)
               ^^^^^^^^^^^^^^^^^^^^^^^^^^^^^^^^^^^^^^^^
  File "/home/marshall/ash_bot/venv/lib/python3.12/site-packages/httpx/_client.py", line 1730, in _send_single_request
    response = await transport.handle_async_request(request)
               ^^^^^^^^^^^^^^^^^^^^^^^^^^^^^^^^^^^^^^^^^^^^^
  File "/home/marshall/ash_bot/venv/lib/python3.12/site-packages/httpx/_transports/default.py", line 393, in handle_async_request
    with map_httpcore_exceptions():
  File "/usr/lib/python3.12/contextlib.py", line 158, in __exit__
    self.gen.throw(value)
  File "/home/marshall/ash_bot/venv/lib/python3.12/site-packages/httpx/_transports/default.py", line 118, in map_httpcore_exceptions
    raise mapped_exc(message) from exc
httpx.ConnectError: [Errno -3] Temporary failure in name resolution

The above exception was the direct cause of the following exception:

Traceback (most recent call last):
  File "/home/marshall/ash_bot/venv/lib/python3.12/site-packages/telegram/ext/_utils/networkloop.py", line 122, in network_retry_loop
    await do_action()
  File "/home/marshall/ash_bot/venv/lib/python3.12/site-packages/telegram/ext/_utils/networkloop.py", line 115, in do_action
    action_cb_task.result()
  File "/home/marshall/ash_bot/venv/lib/python3.12/site-packages/telegram/ext/_updater.py", line 340, in polling_action_cb
    updates = await self.bot.get_updates(
              ^^^^^^^^^^^^^^^^^^^^^^^^^^^
  File "/home/marshall/ash_bot/venv/lib/python3.12/site-packages/telegram/ext/_extbot.py", line 676, in get_updates
    updates = await super().get_updates(
              ^^^^^^^^^^^^^^^^^^^^^^^^^^
  File "/home/marshall/ash_bot/venv/lib/python3.12/site-packages/telegram/_bot.py", line 4780, in get_updates
    await self._post(
  File "/home/marshall/ash_bot/venv/lib/python3.12/site-packages/telegram/_bot.py", line 703, in _post
    return await self._do_post(
           ^^^^^^^^^^^^^^^^^^^^
  File "/home/marshall/ash_bot/venv/lib/python3.12/site-packages/telegram/ext/_extbot.py", line 372, in _do_post
    return await super()._do_post(
           ^^^^^^^^^^^^^^^^^^^^^^^
  File "/home/marshall/ash_bot/venv/lib/python3.12/site-packages/telegram/_bot.py", line 732, in _do_post
    result = await request.post(
             ^^^^^^^^^^^^^^^^^^^
  File "/home/marshall/ash_bot/venv/lib/python3.12/site-packages/telegram/request/_baserequest.py", line 198, in post
    result = await self._request_wrapper(
             ^^^^^^^^^^^^^^^^^^^^^^^^^^^^
  File "/home/marshall/ash_bot/venv/lib/python3.12/site-packages/telegram/request/_baserequest.py", line 305, in _request_wrapper
    code, payload = await self.do_request(
                    ^^^^^^^^^^^^^^^^^^^^^^
  File "/home/marshall/ash_bot/venv/lib/python3.12/site-packages/telegram/request/_httpxrequest.py", line 303, in do_request
    raise NetworkError(f"httpx.{err.__class__.__name__}: {err}") from err
telegram.error.NetworkError: httpx.ConnectError: [Errno -3] Temporary failure in name resolution
ERROR:telegram.ext.Application:No error handlers are registered, logging exception.
Traceback (most recent call last):
  File "/home/marshall/ash_bot/venv/lib/python3.12/site-packages/httpx/_transports/default.py", line 101, in map_httpcore_exceptions
    yield
  File "/home/marshall/ash_bot/venv/lib/python3.12/site-packages/httpx/_transports/default.py", line 394, in handle_async_request
    resp = await self._pool.handle_async_request(req)
           ^^^^^^^^^^^^^^^^^^^^^^^^^^^^^^^^^^^^^^^^^^
  File "/home/marshall/ash_bot/venv/lib/python3.12/site-packages/httpcore/_async/connection_pool.py", line 256, in handle_async_request
    raise exc from None
  File "/home/marshall/ash_bot/venv/lib/python3.12/site-packages/httpcore/_async/connection_pool.py", line 236, in handle_async_request
    response = await connection.handle_async_request(
               ^^^^^^^^^^^^^^^^^^^^^^^^^^^^^^^^^^^^^^
  File "/home/marshall/ash_bot/venv/lib/python3.12/site-packages/httpcore/_async/connection.py", line 101, in handle_async_request
    raise exc
  File "/home/marshall/ash_bot/venv/lib/python3.12/site-packages/httpcore/_async/connection.py", line 78, in handle_async_request
    stream = await self._connect(request)
             ^^^^^^^^^^^^^^^^^^^^^^^^^^^^
  File "/home/marshall/ash_bot/venv/lib/python3.12/site-packages/httpcore/_async/connection.py", line 124, in _connect
    stream = await self._network_backend.connect_tcp(**kwargs)
             ^^^^^^^^^^^^^^^^^^^^^^^^^^^^^^^^^^^^^^^^^^^^^^^^^
  File "/home/marshall/ash_bot/venv/lib/python3.12/site-packages/httpcore/_backends/auto.py", line 31, in connect_tcp
    return await self._backend.connect_tcp(
           ^^^^^^^^^^^^^^^^^^^^^^^^^^^^^^^^
  File "/home/marshall/ash_bot/venv/lib/python3.12/site-packages/httpcore/_backends/anyio.py", line 113, in connect_tcp
    with map_exceptions(exc_map):
  File "/usr/lib/python3.12/contextlib.py", line 158, in __exit__
    self.gen.throw(value)
  File "/home/marshall/ash_bot/venv/lib/python3.12/site-packages/httpcore/_exceptions.py", line 14, in map_exceptions
    raise to_exc(exc) from exc
httpcore.ConnectError: [Errno -3] Temporary failure in name resolution

The above exception was the direct cause of the following exception:

Traceback (most recent call last):
  File "/home/marshall/ash_bot/venv/lib/python3.12/site-packages/telegram/request/_httpxrequest.py", line 279, in do_request
    res = await self._client.request(
          ^^^^^^^^^^^^^^^^^^^^^^^^^^^
  File "/home/marshall/ash_bot/venv/lib/python3.12/site-packages/httpx/_client.py", line 1540, in request
    return await self.send(request, auth=auth, follow_redirects=follow_redirects)
           ^^^^^^^^^^^^^^^^^^^^^^^^^^^^^^^^^^^^^^^^^^^^^^^^^^^^^^^^^^^^^^^^^^^^^^
  File "/home/marshall/ash_bot/venv/lib/python3.12/site-packages/httpx/_client.py", line 1629, in send
    response = await self._send_handling_auth(
               ^^^^^^^^^^^^^^^^^^^^^^^^^^^^^^^
  File "/home/marshall/ash_bot/venv/lib/python3.12/site-packages/httpx/_client.py", line 1657, in _send_handling_auth
    response = await self._send_handling_redirects(
               ^^^^^^^^^^^^^^^^^^^^^^^^^^^^^^^^^^^^
  File "/home/marshall/ash_bot/venv/lib/python3.12/site-packages/httpx/_client.py", line 1694, in _send_handling_redirects
    response = await self._send_single_request(request)
               ^^^^^^^^^^^^^^^^^^^^^^^^^^^^^^^^^^^^^^^^
  File "/home/marshall/ash_bot/venv/lib/python3.12/site-packages/httpx/_client.py", line 1730, in _send_single_request
    response = await transport.handle_async_request(request)
               ^^^^^^^^^^^^^^^^^^^^^^^^^^^^^^^^^^^^^^^^^^^^^
  File "/home/marshall/ash_bot/venv/lib/python3.12/site-packages/httpx/_transports/default.py", line 393, in handle_async_request
    with map_httpcore_exceptions():
  File "/usr/lib/python3.12/contextlib.py", line 158, in __exit__
    self.gen.throw(value)
  File "/home/marshall/ash_bot/venv/lib/python3.12/site-packages/httpx/_transports/default.py", line 118, in map_httpcore_exceptions
    raise mapped_exc(message) from exc
httpx.ConnectError: [Errno -3] Temporary failure in name resolution

The above exception was the direct cause of the following exception:

Traceback (most recent call last):
  File "/home/marshall/ash_bot/venv/lib/python3.12/site-packages/telegram/ext/_utils/networkloop.py", line 122, in network_retry_loop
    await do_action()
  File "/home/marshall/ash_bot/venv/lib/python3.12/site-packages/telegram/ext/_utils/networkloop.py", line 115, in do_action
    action_cb_task.result()
  File "/home/marshall/ash_bot/venv/lib/python3.12/site-packages/telegram/ext/_updater.py", line 340, in polling_action_cb
    updates = await self.bot.get_updates(
              ^^^^^^^^^^^^^^^^^^^^^^^^^^^
  File "/home/marshall/ash_bot/venv/lib/python3.12/site-packages/telegram/ext/_extbot.py", line 676, in get_updates
    updates = await super().get_updates(
              ^^^^^^^^^^^^^^^^^^^^^^^^^^
  File "/home/marshall/ash_bot/venv/lib/python3.12/site-packages/telegram/_bot.py", line 4780, in get_updates
    await self._post(
  File "/home/marshall/ash_bot/venv/lib/python3.12/site-packages/telegram/_bot.py", line 703, in _post
    return await self._do_post(
           ^^^^^^^^^^^^^^^^^^^^
  File "/home/marshall/ash_bot/venv/lib/python3.12/site-packages/telegram/ext/_extbot.py", line 372, in _do_post
    return await super()._do_post(
           ^^^^^^^^^^^^^^^^^^^^^^^
  File "/home/marshall/ash_bot/venv/lib/python3.12/site-packages/telegram/_bot.py", line 732, in _do_post
    result = await request.post(
             ^^^^^^^^^^^^^^^^^^^
  File "/home/marshall/ash_bot/venv/lib/python3.12/site-packages/telegram/request/_baserequest.py", line 198, in post
    result = await self._request_wrapper(
             ^^^^^^^^^^^^^^^^^^^^^^^^^^^^
  File "/home/marshall/ash_bot/venv/lib/python3.12/site-packages/telegram/request/_baserequest.py", line 305, in _request_wrapper
    code, payload = await self.do_request(
                    ^^^^^^^^^^^^^^^^^^^^^^
  File "/home/marshall/ash_bot/venv/lib/python3.12/site-packages/telegram/request/_httpxrequest.py", line 303, in do_request
    raise NetworkError(f"httpx.{err.__class__.__name__}: {err}") from err
telegram.error.NetworkError: httpx.ConnectError: [Errno -3] Temporary failure in name resolution
ERROR:telegram.ext.Application:No error handlers are registered, logging exception.
Traceback (most recent call last):
  File "/home/marshall/ash_bot/venv/lib/python3.12/site-packages/httpx/_transports/default.py", line 101, in map_httpcore_exceptions
    yield
  File "/home/marshall/ash_bot/venv/lib/python3.12/site-packages/httpx/_transports/default.py", line 394, in handle_async_request
    resp = await self._pool.handle_async_request(req)
           ^^^^^^^^^^^^^^^^^^^^^^^^^^^^^^^^^^^^^^^^^^
  File "/home/marshall/ash_bot/venv/lib/python3.12/site-packages/httpcore/_async/connection_pool.py", line 256, in handle_async_request
    raise exc from None
  File "/home/marshall/ash_bot/venv/lib/python3.12/site-packages/httpcore/_async/connection_pool.py", line 236, in handle_async_request
    response = await connection.handle_async_request(
               ^^^^^^^^^^^^^^^^^^^^^^^^^^^^^^^^^^^^^^
  File "/home/marshall/ash_bot/venv/lib/python3.12/site-packages/httpcore/_async/connection.py", line 101, in handle_async_request
    raise exc
  File "/home/marshall/ash_bot/venv/lib/python3.12/site-packages/httpcore/_async/connection.py", line 78, in handle_async_request
    stream = await self._connect(request)
             ^^^^^^^^^^^^^^^^^^^^^^^^^^^^
  File "/home/marshall/ash_bot/venv/lib/python3.12/site-packages/httpcore/_async/connection.py", line 124, in _connect
    stream = await self._network_backend.connect_tcp(**kwargs)
             ^^^^^^^^^^^^^^^^^^^^^^^^^^^^^^^^^^^^^^^^^^^^^^^^^
  File "/home/marshall/ash_bot/venv/lib/python3.12/site-packages/httpcore/_backends/auto.py", line 31, in connect_tcp
    return await self._backend.connect_tcp(
           ^^^^^^^^^^^^^^^^^^^^^^^^^^^^^^^^
  File "/home/marshall/ash_bot/venv/lib/python3.12/site-packages/httpcore/_backends/anyio.py", line 113, in connect_tcp
    with map_exceptions(exc_map):
  File "/usr/lib/python3.12/contextlib.py", line 158, in __exit__
    self.gen.throw(value)
  File "/home/marshall/ash_bot/venv/lib/python3.12/site-packages/httpcore/_exceptions.py", line 14, in map_exceptions
    raise to_exc(exc) from exc
httpcore.ConnectError: [Errno -3] Temporary failure in name resolution

The above exception was the direct cause of the following exception:

Traceback (most recent call last):
  File "/home/marshall/ash_bot/venv/lib/python3.12/site-packages/telegram/request/_httpxrequest.py", line 279, in do_request
    res = await self._client.request(
          ^^^^^^^^^^^^^^^^^^^^^^^^^^^
  File "/home/marshall/ash_bot/venv/lib/python3.12/site-packages/httpx/_client.py", line 1540, in request
    return await self.send(request, auth=auth, follow_redirects=follow_redirects)
           ^^^^^^^^^^^^^^^^^^^^^^^^^^^^^^^^^^^^^^^^^^^^^^^^^^^^^^^^^^^^^^^^^^^^^^
  File "/home/marshall/ash_bot/venv/lib/python3.12/site-packages/httpx/_client.py", line 1629, in send
    response = await self._send_handling_auth(
               ^^^^^^^^^^^^^^^^^^^^^^^^^^^^^^^
  File "/home/marshall/ash_bot/venv/lib/python3.12/site-packages/httpx/_client.py", line 1657, in _send_handling_auth
    response = await self._send_handling_redirects(
               ^^^^^^^^^^^^^^^^^^^^^^^^^^^^^^^^^^^^
  File "/home/marshall/ash_bot/venv/lib/python3.12/site-packages/httpx/_client.py", line 1694, in _send_handling_redirects
    response = await self._send_single_request(request)
               ^^^^^^^^^^^^^^^^^^^^^^^^^^^^^^^^^^^^^^^^
  File "/home/marshall/ash_bot/venv/lib/python3.12/site-packages/httpx/_client.py", line 1730, in _send_single_request
    response = await transport.handle_async_request(request)
               ^^^^^^^^^^^^^^^^^^^^^^^^^^^^^^^^^^^^^^^^^^^^^
  File "/home/marshall/ash_bot/venv/lib/python3.12/site-packages/httpx/_transports/default.py", line 393, in handle_async_request
    with map_httpcore_exceptions():
  File "/usr/lib/python3.12/contextlib.py", line 158, in __exit__
    self.gen.throw(value)
  File "/home/marshall/ash_bot/venv/lib/python3.12/site-packages/httpx/_transports/default.py", line 118, in map_httpcore_exceptions
    raise mapped_exc(message) from exc
httpx.ConnectError: [Errno -3] Temporary failure in name resolution

The above exception was the direct cause of the following exception:

Traceback (most recent call last):
  File "/home/marshall/ash_bot/venv/lib/python3.12/site-packages/telegram/ext/_utils/networkloop.py", line 122, in network_retry_loop
    await do_action()
  File "/home/marshall/ash_bot/venv/lib/python3.12/site-packages/telegram/ext/_utils/networkloop.py", line 115, in do_action
    action_cb_task.result()
  File "/home/marshall/ash_bot/venv/lib/python3.12/site-packages/telegram/ext/_updater.py", line 340, in polling_action_cb
    updates = await self.bot.get_updates(
              ^^^^^^^^^^^^^^^^^^^^^^^^^^^
  File "/home/marshall/ash_bot/venv/lib/python3.12/site-packages/telegram/ext/_extbot.py", line 676, in get_updates
    updates = await super().get_updates(
              ^^^^^^^^^^^^^^^^^^^^^^^^^^
  File "/home/marshall/ash_bot/venv/lib/python3.12/site-packages/telegram/_bot.py", line 4780, in get_updates
    await self._post(
  File "/home/marshall/ash_bot/venv/lib/python3.12/site-packages/telegram/_bot.py", line 703, in _post
    return await self._do_post(
           ^^^^^^^^^^^^^^^^^^^^
  File "/home/marshall/ash_bot/venv/lib/python3.12/site-packages/telegram/ext/_extbot.py", line 372, in _do_post
    return await super()._do_post(
           ^^^^^^^^^^^^^^^^^^^^^^^
  File "/home/marshall/ash_bot/venv/lib/python3.12/site-packages/telegram/_bot.py", line 732, in _do_post
    result = await request.post(
             ^^^^^^^^^^^^^^^^^^^
  File "/home/marshall/ash_bot/venv/lib/python3.12/site-packages/telegram/request/_baserequest.py", line 198, in post
    result = await self._request_wrapper(
             ^^^^^^^^^^^^^^^^^^^^^^^^^^^^
  File "/home/marshall/ash_bot/venv/lib/python3.12/site-packages/telegram/request/_baserequest.py", line 305, in _request_wrapper
    code, payload = await self.do_request(
                    ^^^^^^^^^^^^^^^^^^^^^^
  File "/home/marshall/ash_bot/venv/lib/python3.12/site-packages/telegram/request/_httpxrequest.py", line 303, in do_request
    raise NetworkError(f"httpx.{err.__class__.__name__}: {err}") from err
telegram.error.NetworkError: httpx.ConnectError: [Errno -3] Temporary failure in name resolution
ERROR:telegram.ext.Application:No error handlers are registered, logging exception.
Traceback (most recent call last):
  File "/home/marshall/ash_bot/venv/lib/python3.12/site-packages/httpx/_transports/default.py", line 101, in map_httpcore_exceptions
    yield
  File "/home/marshall/ash_bot/venv/lib/python3.12/site-packages/httpx/_transports/default.py", line 394, in handle_async_request
    resp = await self._pool.handle_async_request(req)
           ^^^^^^^^^^^^^^^^^^^^^^^^^^^^^^^^^^^^^^^^^^
  File "/home/marshall/ash_bot/venv/lib/python3.12/site-packages/httpcore/_async/connection_pool.py", line 256, in handle_async_request
    raise exc from None
  File "/home/marshall/ash_bot/venv/lib/python3.12/site-packages/httpcore/_async/connection_pool.py", line 236, in handle_async_request
    response = await connection.handle_async_request(
               ^^^^^^^^^^^^^^^^^^^^^^^^^^^^^^^^^^^^^^
  File "/home/marshall/ash_bot/venv/lib/python3.12/site-packages/httpcore/_async/connection.py", line 101, in handle_async_request
    raise exc
  File "/home/marshall/ash_bot/venv/lib/python3.12/site-packages/httpcore/_async/connection.py", line 78, in handle_async_request
    stream = await self._connect(request)
             ^^^^^^^^^^^^^^^^^^^^^^^^^^^^
  File "/home/marshall/ash_bot/venv/lib/python3.12/site-packages/httpcore/_async/connection.py", line 124, in _connect
    stream = await self._network_backend.connect_tcp(**kwargs)
             ^^^^^^^^^^^^^^^^^^^^^^^^^^^^^^^^^^^^^^^^^^^^^^^^^
  File "/home/marshall/ash_bot/venv/lib/python3.12/site-packages/httpcore/_backends/auto.py", line 31, in connect_tcp
    return await self._backend.connect_tcp(
           ^^^^^^^^^^^^^^^^^^^^^^^^^^^^^^^^
  File "/home/marshall/ash_bot/venv/lib/python3.12/site-packages/httpcore/_backends/anyio.py", line 113, in connect_tcp
    with map_exceptions(exc_map):
  File "/usr/lib/python3.12/contextlib.py", line 158, in __exit__
    self.gen.throw(value)
  File "/home/marshall/ash_bot/venv/lib/python3.12/site-packages/httpcore/_exceptions.py", line 14, in map_exceptions
    raise to_exc(exc) from exc
httpcore.ConnectError: [Errno -3] Temporary failure in name resolution

The above exception was the direct cause of the following exception:

Traceback (most recent call last):
  File "/home/marshall/ash_bot/venv/lib/python3.12/site-packages/telegram/request/_httpxrequest.py", line 279, in do_request
    res = await self._client.request(
          ^^^^^^^^^^^^^^^^^^^^^^^^^^^
  File "/home/marshall/ash_bot/venv/lib/python3.12/site-packages/httpx/_client.py", line 1540, in request
    return await self.send(request, auth=auth, follow_redirects=follow_redirects)
           ^^^^^^^^^^^^^^^^^^^^^^^^^^^^^^^^^^^^^^^^^^^^^^^^^^^^^^^^^^^^^^^^^^^^^^
  File "/home/marshall/ash_bot/venv/lib/python3.12/site-packages/httpx/_client.py", line 1629, in send
    response = await self._send_handling_auth(
               ^^^^^^^^^^^^^^^^^^^^^^^^^^^^^^^
  File "/home/marshall/ash_bot/venv/lib/python3.12/site-packages/httpx/_client.py", line 1657, in _send_handling_auth
    response = await self._send_handling_redirects(
               ^^^^^^^^^^^^^^^^^^^^^^^^^^^^^^^^^^^^
  File "/home/marshall/ash_bot/venv/lib/python3.12/site-packages/httpx/_client.py", line 1694, in _send_handling_redirects
    response = await self._send_single_request(request)
               ^^^^^^^^^^^^^^^^^^^^^^^^^^^^^^^^^^^^^^^^
  File "/home/marshall/ash_bot/venv/lib/python3.12/site-packages/httpx/_client.py", line 1730, in _send_single_request
    response = await transport.handle_async_request(request)
               ^^^^^^^^^^^^^^^^^^^^^^^^^^^^^^^^^^^^^^^^^^^^^
  File "/home/marshall/ash_bot/venv/lib/python3.12/site-packages/httpx/_transports/default.py", line 393, in handle_async_request
    with map_httpcore_exceptions():
  File "/usr/lib/python3.12/contextlib.py", line 158, in __exit__
    self.gen.throw(value)
  File "/home/marshall/ash_bot/venv/lib/python3.12/site-packages/httpx/_transports/default.py", line 118, in map_httpcore_exceptions
    raise mapped_exc(message) from exc
httpx.ConnectError: [Errno -3] Temporary failure in name resolution

The above exception was the direct cause of the following exception:

Traceback (most recent call last):
  File "/home/marshall/ash_bot/venv/lib/python3.12/site-packages/telegram/ext/_utils/networkloop.py", line 122, in network_retry_loop
    await do_action()
  File "/home/marshall/ash_bot/venv/lib/python3.12/site-packages/telegram/ext/_utils/networkloop.py", line 115, in do_action
    action_cb_task.result()
  File "/home/marshall/ash_bot/venv/lib/python3.12/site-packages/telegram/ext/_updater.py", line 340, in polling_action_cb
    updates = await self.bot.get_updates(
              ^^^^^^^^^^^^^^^^^^^^^^^^^^^
  File "/home/marshall/ash_bot/venv/lib/python3.12/site-packages/telegram/ext/_extbot.py", line 676, in get_updates
    updates = await super().get_updates(
              ^^^^^^^^^^^^^^^^^^^^^^^^^^
  File "/home/marshall/ash_bot/venv/lib/python3.12/site-packages/telegram/_bot.py", line 4780, in get_updates
    await self._post(
  File "/home/marshall/ash_bot/venv/lib/python3.12/site-packages/telegram/_bot.py", line 703, in _post
    return await self._do_post(
           ^^^^^^^^^^^^^^^^^^^^
  File "/home/marshall/ash_bot/venv/lib/python3.12/site-packages/telegram/ext/_extbot.py", line 372, in _do_post
    return await super()._do_post(
           ^^^^^^^^^^^^^^^^^^^^^^^
  File "/home/marshall/ash_bot/venv/lib/python3.12/site-packages/telegram/_bot.py", line 732, in _do_post
    result = await request.post(
             ^^^^^^^^^^^^^^^^^^^
  File "/home/marshall/ash_bot/venv/lib/python3.12/site-packages/telegram/request/_baserequest.py", line 198, in post
    result = await self._request_wrapper(
             ^^^^^^^^^^^^^^^^^^^^^^^^^^^^
  File "/home/marshall/ash_bot/venv/lib/python3.12/site-packages/telegram/request/_baserequest.py", line 305, in _request_wrapper
    code, payload = await self.do_request(
                    ^^^^^^^^^^^^^^^^^^^^^^
  File "/home/marshall/ash_bot/venv/lib/python3.12/site-packages/telegram/request/_httpxrequest.py", line 303, in do_request
    raise NetworkError(f"httpx.{err.__class__.__name__}: {err}") from err
telegram.error.NetworkError: httpx.ConnectError: [Errno -3] Temporary failure in name resolution
ERROR:telegram.ext.Application:No error handlers are registered, logging exception.
Traceback (most recent call last):
  File "/home/marshall/ash_bot/venv/lib/python3.12/site-packages/httpx/_transports/default.py", line 101, in map_httpcore_exceptions
    yield
  File "/home/marshall/ash_bot/venv/lib/python3.12/site-packages/httpx/_transports/default.py", line 394, in handle_async_request
    resp = await self._pool.handle_async_request(req)
           ^^^^^^^^^^^^^^^^^^^^^^^^^^^^^^^^^^^^^^^^^^
  File "/home/marshall/ash_bot/venv/lib/python3.12/site-packages/httpcore/_async/connection_pool.py", line 256, in handle_async_request
    raise exc from None
  File "/home/marshall/ash_bot/venv/lib/python3.12/site-packages/httpcore/_async/connection_pool.py", line 236, in handle_async_request
    response = await connection.handle_async_request(
               ^^^^^^^^^^^^^^^^^^^^^^^^^^^^^^^^^^^^^^
  File "/home/marshall/ash_bot/venv/lib/python3.12/site-packages/httpcore/_async/connection.py", line 101, in handle_async_request
    raise exc
  File "/home/marshall/ash_bot/venv/lib/python3.12/site-packages/httpcore/_async/connection.py", line 78, in handle_async_request
    stream = await self._connect(request)
             ^^^^^^^^^^^^^^^^^^^^^^^^^^^^
  File "/home/marshall/ash_bot/venv/lib/python3.12/site-packages/httpcore/_async/connection.py", line 124, in _connect
    stream = await self._network_backend.connect_tcp(**kwargs)
             ^^^^^^^^^^^^^^^^^^^^^^^^^^^^^^^^^^^^^^^^^^^^^^^^^
  File "/home/marshall/ash_bot/venv/lib/python3.12/site-packages/httpcore/_backends/auto.py", line 31, in connect_tcp
    return await self._backend.connect_tcp(
           ^^^^^^^^^^^^^^^^^^^^^^^^^^^^^^^^
  File "/home/marshall/ash_bot/venv/lib/python3.12/site-packages/httpcore/_backends/anyio.py", line 113, in connect_tcp
    with map_exceptions(exc_map):
  File "/usr/lib/python3.12/contextlib.py", line 158, in __exit__
    self.gen.throw(value)
  File "/home/marshall/ash_bot/venv/lib/python3.12/site-packages/httpcore/_exceptions.py", line 14, in map_exceptions
    raise to_exc(exc) from exc
httpcore.ConnectError: [Errno -3] Temporary failure in name resolution

The above exception was the direct cause of the following exception:

Traceback (most recent call last):
  File "/home/marshall/ash_bot/venv/lib/python3.12/site-packages/telegram/request/_httpxrequest.py", line 279, in do_request
    res = await self._client.request(
          ^^^^^^^^^^^^^^^^^^^^^^^^^^^
  File "/home/marshall/ash_bot/venv/lib/python3.12/site-packages/httpx/_client.py", line 1540, in request
    return await self.send(request, auth=auth, follow_redirects=follow_redirects)
           ^^^^^^^^^^^^^^^^^^^^^^^^^^^^^^^^^^^^^^^^^^^^^^^^^^^^^^^^^^^^^^^^^^^^^^
  File "/home/marshall/ash_bot/venv/lib/python3.12/site-packages/httpx/_client.py", line 1629, in send
    response = await self._send_handling_auth(
               ^^^^^^^^^^^^^^^^^^^^^^^^^^^^^^^
  File "/home/marshall/ash_bot/venv/lib/python3.12/site-packages/httpx/_client.py", line 1657, in _send_handling_auth
    response = await self._send_handling_redirects(
               ^^^^^^^^^^^^^^^^^^^^^^^^^^^^^^^^^^^^
  File "/home/marshall/ash_bot/venv/lib/python3.12/site-packages/httpx/_client.py", line 1694, in _send_handling_redirects
    response = await self._send_single_request(request)
               ^^^^^^^^^^^^^^^^^^^^^^^^^^^^^^^^^^^^^^^^
  File "/home/marshall/ash_bot/venv/lib/python3.12/site-packages/httpx/_client.py", line 1730, in _send_single_request
    response = await transport.handle_async_request(request)
               ^^^^^^^^^^^^^^^^^^^^^^^^^^^^^^^^^^^^^^^^^^^^^
  File "/home/marshall/ash_bot/venv/lib/python3.12/site-packages/httpx/_transports/default.py", line 393, in handle_async_request
    with map_httpcore_exceptions():
  File "/usr/lib/python3.12/contextlib.py", line 158, in __exit__
    self.gen.throw(value)
  File "/home/marshall/ash_bot/venv/lib/python3.12/site-packages/httpx/_transports/default.py", line 118, in map_httpcore_exceptions
    raise mapped_exc(message) from exc
httpx.ConnectError: [Errno -3] Temporary failure in name resolution

The above exception was the direct cause of the following exception:

Traceback (most recent call last):
  File "/home/marshall/ash_bot/venv/lib/python3.12/site-packages/telegram/ext/_utils/networkloop.py", line 122, in network_retry_loop
    await do_action()
  File "/home/marshall/ash_bot/venv/lib/python3.12/site-packages/telegram/ext/_utils/networkloop.py", line 115, in do_action
    action_cb_task.result()
  File "/home/marshall/ash_bot/venv/lib/python3.12/site-packages/telegram/ext/_updater.py", line 340, in polling_action_cb
    updates = await self.bot.get_updates(
              ^^^^^^^^^^^^^^^^^^^^^^^^^^^
  File "/home/marshall/ash_bot/venv/lib/python3.12/site-packages/telegram/ext/_extbot.py", line 676, in get_updates
    updates = await super().get_updates(
              ^^^^^^^^^^^^^^^^^^^^^^^^^^
  File "/home/marshall/ash_bot/venv/lib/python3.12/site-packages/telegram/_bot.py", line 4780, in get_updates
    await self._post(
  File "/home/marshall/ash_bot/venv/lib/python3.12/site-packages/telegram/_bot.py", line 703, in _post
    return await self._do_post(
           ^^^^^^^^^^^^^^^^^^^^
  File "/home/marshall/ash_bot/venv/lib/python3.12/site-packages/telegram/ext/_extbot.py", line 372, in _do_post
    return await super()._do_post(
           ^^^^^^^^^^^^^^^^^^^^^^^
  File "/home/marshall/ash_bot/venv/lib/python3.12/site-packages/telegram/_bot.py", line 732, in _do_post
    result = await request.post(
             ^^^^^^^^^^^^^^^^^^^
  File "/home/marshall/ash_bot/venv/lib/python3.12/site-packages/telegram/request/_baserequest.py", line 198, in post
    result = await self._request_wrapper(
             ^^^^^^^^^^^^^^^^^^^^^^^^^^^^
  File "/home/marshall/ash_bot/venv/lib/python3.12/site-packages/telegram/request/_baserequest.py", line 305, in _request_wrapper
    code, payload = await self.do_request(
                    ^^^^^^^^^^^^^^^^^^^^^^
  File "/home/marshall/ash_bot/venv/lib/python3.12/site-packages/telegram/request/_httpxrequest.py", line 303, in do_request
    raise NetworkError(f"httpx.{err.__class__.__name__}: {err}") from err
telegram.error.NetworkError: httpx.ConnectError: [Errno -3] Temporary failure in name resolution
ERROR:telegram.ext.Application:No error handlers are registered, logging exception.
Traceback (most recent call last):
  File "/home/marshall/ash_bot/venv/lib/python3.12/site-packages/httpx/_transports/default.py", line 101, in map_httpcore_exceptions
    yield
  File "/home/marshall/ash_bot/venv/lib/python3.12/site-packages/httpx/_transports/default.py", line 394, in handle_async_request
    resp = await self._pool.handle_async_request(req)
           ^^^^^^^^^^^^^^^^^^^^^^^^^^^^^^^^^^^^^^^^^^
  File "/home/marshall/ash_bot/venv/lib/python3.12/site-packages/httpcore/_async/connection_pool.py", line 256, in handle_async_request
    raise exc from None
  File "/home/marshall/ash_bot/venv/lib/python3.12/site-packages/httpcore/_async/connection_pool.py", line 236, in handle_async_request
    response = await connection.handle_async_request(
               ^^^^^^^^^^^^^^^^^^^^^^^^^^^^^^^^^^^^^^
  File "/home/marshall/ash_bot/venv/lib/python3.12/site-packages/httpcore/_async/connection.py", line 101, in handle_async_request
    raise exc
  File "/home/marshall/ash_bot/venv/lib/python3.12/site-packages/httpcore/_async/connection.py", line 78, in handle_async_request
    stream = await self._connect(request)
             ^^^^^^^^^^^^^^^^^^^^^^^^^^^^
  File "/home/marshall/ash_bot/venv/lib/python3.12/site-packages/httpcore/_async/connection.py", line 124, in _connect
    stream = await self._network_backend.connect_tcp(**kwargs)
             ^^^^^^^^^^^^^^^^^^^^^^^^^^^^^^^^^^^^^^^^^^^^^^^^^
  File "/home/marshall/ash_bot/venv/lib/python3.12/site-packages/httpcore/_backends/auto.py", line 31, in connect_tcp
    return await self._backend.connect_tcp(
           ^^^^^^^^^^^^^^^^^^^^^^^^^^^^^^^^
  File "/home/marshall/ash_bot/venv/lib/python3.12/site-packages/httpcore/_backends/anyio.py", line 113, in connect_tcp
    with map_exceptions(exc_map):
  File "/usr/lib/python3.12/contextlib.py", line 158, in __exit__
    self.gen.throw(value)
  File "/home/marshall/ash_bot/venv/lib/python3.12/site-packages/httpcore/_exceptions.py", line 14, in map_exceptions
    raise to_exc(exc) from exc
httpcore.ConnectError: [Errno -3] Temporary failure in name resolution

The above exception was the direct cause of the following exception:

Traceback (most recent call last):
  File "/home/marshall/ash_bot/venv/lib/python3.12/site-packages/telegram/request/_httpxrequest.py", line 279, in do_request
    res = await self._client.request(
          ^^^^^^^^^^^^^^^^^^^^^^^^^^^
  File "/home/marshall/ash_bot/venv/lib/python3.12/site-packages/httpx/_client.py", line 1540, in request
    return await self.send(request, auth=auth, follow_redirects=follow_redirects)
           ^^^^^^^^^^^^^^^^^^^^^^^^^^^^^^^^^^^^^^^^^^^^^^^^^^^^^^^^^^^^^^^^^^^^^^
  File "/home/marshall/ash_bot/venv/lib/python3.12/site-packages/httpx/_client.py", line 1629, in send
    response = await self._send_handling_auth(
               ^^^^^^^^^^^^^^^^^^^^^^^^^^^^^^^
  File "/home/marshall/ash_bot/venv/lib/python3.12/site-packages/httpx/_client.py", line 1657, in _send_handling_auth
    response = await self._send_handling_redirects(
               ^^^^^^^^^^^^^^^^^^^^^^^^^^^^^^^^^^^^
  File "/home/marshall/ash_bot/venv/lib/python3.12/site-packages/httpx/_client.py", line 1694, in _send_handling_redirects
    response = await self._send_single_request(request)
               ^^^^^^^^^^^^^^^^^^^^^^^^^^^^^^^^^^^^^^^^
  File "/home/marshall/ash_bot/venv/lib/python3.12/site-packages/httpx/_client.py", line 1730, in _send_single_request
    response = await transport.handle_async_request(request)
               ^^^^^^^^^^^^^^^^^^^^^^^^^^^^^^^^^^^^^^^^^^^^^
  File "/home/marshall/ash_bot/venv/lib/python3.12/site-packages/httpx/_transports/default.py", line 393, in handle_async_request
    with map_httpcore_exceptions():
  File "/usr/lib/python3.12/contextlib.py", line 158, in __exit__
    self.gen.throw(value)
  File "/home/marshall/ash_bot/venv/lib/python3.12/site-packages/httpx/_transports/default.py", line 118, in map_httpcore_exceptions
    raise mapped_exc(message) from exc
httpx.ConnectError: [Errno -3] Temporary failure in name resolution

The above exception was the direct cause of the following exception:

Traceback (most recent call last):
  File "/home/marshall/ash_bot/venv/lib/python3.12/site-packages/telegram/ext/_utils/networkloop.py", line 122, in network_retry_loop
    await do_action()
  File "/home/marshall/ash_bot/venv/lib/python3.12/site-packages/telegram/ext/_utils/networkloop.py", line 115, in do_action
    action_cb_task.result()
  File "/home/marshall/ash_bot/venv/lib/python3.12/site-packages/telegram/ext/_updater.py", line 340, in polling_action_cb
    updates = await self.bot.get_updates(
              ^^^^^^^^^^^^^^^^^^^^^^^^^^^
  File "/home/marshall/ash_bot/venv/lib/python3.12/site-packages/telegram/ext/_extbot.py", line 676, in get_updates
    updates = await super().get_updates(
              ^^^^^^^^^^^^^^^^^^^^^^^^^^
  File "/home/marshall/ash_bot/venv/lib/python3.12/site-packages/telegram/_bot.py", line 4780, in get_updates
    await self._post(
  File "/home/marshall/ash_bot/venv/lib/python3.12/site-packages/telegram/_bot.py", line 703, in _post
    return await self._do_post(
           ^^^^^^^^^^^^^^^^^^^^
  File "/home/marshall/ash_bot/venv/lib/python3.12/site-packages/telegram/ext/_extbot.py", line 372, in _do_post
    return await super()._do_post(
           ^^^^^^^^^^^^^^^^^^^^^^^
  File "/home/marshall/ash_bot/venv/lib/python3.12/site-packages/telegram/_bot.py", line 732, in _do_post
    result = await request.post(
             ^^^^^^^^^^^^^^^^^^^
  File "/home/marshall/ash_bot/venv/lib/python3.12/site-packages/telegram/request/_baserequest.py", line 198, in post
    result = await self._request_wrapper(
             ^^^^^^^^^^^^^^^^^^^^^^^^^^^^
  File "/home/marshall/ash_bot/venv/lib/python3.12/site-packages/telegram/request/_baserequest.py", line 305, in _request_wrapper
    code, payload = await self.do_request(
                    ^^^^^^^^^^^^^^^^^^^^^^
  File "/home/marshall/ash_bot/venv/lib/python3.12/site-packages/telegram/request/_httpxrequest.py", line 303, in do_request
    raise NetworkError(f"httpx.{err.__class__.__name__}: {err}") from err
telegram.error.NetworkError: httpx.ConnectError: [Errno -3] Temporary failure in name resolution
INFO:root:check_user_id start
INFO:root:check_user_id done
INFO:root:get_study_topic_id start
INFO:root:get_study_topic_id done
INFO:root:get_weekly_topic_id start
INFO:root:get_weekly_topic_id done
INFO:root:study_topic_id start
INFO:root:submit_achievement start
INFO:root:check_user_id start
INFO:root:check_user_id done
INFO:root:CheckAchievement start
INFO:root:get_missed start
INFO:root:get_missed done
INFO:root:update_user_count start
INFO:root:update_user_count done
INFO:root:state_count start
INFO:root:state_count done
INFO:root:update_user_missed start
INFO:root:update_user_missed done
INFO:googleapiclient.discovery_cache:file_cache is only supported with oauth2client<4.0.0
INFO:root:check_user_id start
INFO:root:check_user_id done
INFO:root:get_study_topic_id start
INFO:root:get_study_topic_id done
INFO:root:get_weekly_topic_id start
INFO:root:get_weekly_topic_id done
INFO:root:study_topic_id start
INFO:root:submit_achievement start
INFO:root:check_user_id start
INFO:root:check_user_id done
INFO:root:CheckAchievement start
INFO:root:get_missed start
INFO:root:get_missed done
INFO:root:update_user_count start
INFO:root:update_user_count done
INFO:root:state_count start
INFO:root:state_count done
INFO:root:update_user_missed start
INFO:root:update_user_missed done
INFO:googleapiclient.discovery_cache:file_cache is only supported with oauth2client<4.0.0
INFO:telegram.ext:Network Retry Loop (Polling Updates): Flood control exceeded. Retry in 5 seconds. Adding 0.5 seconds to the specified time.
ERROR:telegram.ext.Application:No error handlers are registered, logging exception.
Traceback (most recent call last):
  File "/home/marshall/ash_bot/venv/lib/python3.12/site-packages/telegram/ext/_utils/networkloop.py", line 122, in network_retry_loop
    await do_action()
  File "/home/marshall/ash_bot/venv/lib/python3.12/site-packages/telegram/ext/_utils/networkloop.py", line 115, in do_action
    action_cb_task.result()
  File "/home/marshall/ash_bot/venv/lib/python3.12/site-packages/telegram/ext/_updater.py", line 340, in polling_action_cb
    updates = await self.bot.get_updates(
              ^^^^^^^^^^^^^^^^^^^^^^^^^^^
  File "/home/marshall/ash_bot/venv/lib/python3.12/site-packages/telegram/ext/_extbot.py", line 676, in get_updates
    updates = await super().get_updates(
              ^^^^^^^^^^^^^^^^^^^^^^^^^^
  File "/home/marshall/ash_bot/venv/lib/python3.12/site-packages/telegram/_bot.py", line 4780, in get_updates
    await self._post(
  File "/home/marshall/ash_bot/venv/lib/python3.12/site-packages/telegram/_bot.py", line 703, in _post
    return await self._do_post(
           ^^^^^^^^^^^^^^^^^^^^
  File "/home/marshall/ash_bot/venv/lib/python3.12/site-packages/telegram/ext/_extbot.py", line 372, in _do_post
    return await super()._do_post(
           ^^^^^^^^^^^^^^^^^^^^^^^
  File "/home/marshall/ash_bot/venv/lib/python3.12/site-packages/telegram/_bot.py", line 732, in _do_post
    result = await request.post(
             ^^^^^^^^^^^^^^^^^^^
  File "/home/marshall/ash_bot/venv/lib/python3.12/site-packages/telegram/request/_baserequest.py", line 198, in post
    result = await self._request_wrapper(
             ^^^^^^^^^^^^^^^^^^^^^^^^^^^^
  File "/home/marshall/ash_bot/venv/lib/python3.12/site-packages/telegram/request/_baserequest.py", line 375, in _request_wrapper
    raise exception
telegram.error.NetworkError: Bad Gateway
